# JRE version: Java(TM) SE Runtime Environment (8.0_301-b09) (build 1.8.0_301-b09)
# Java VM: Java HotSpot(TM) 64-Bit Server VM (25.301-b09 mixed mode windows-amd64 compressed oops)
Heap:
 PSYoungGen      total 25088K, used 3896K [0x00000000f1d00000, 0x00000000f5500000, 0x0000000100000000)
  eden space 23552K, 10% used [0x00000000f1d00000,0x00000000f1f520b8,0x00000000f3400000)
  from space 1536K, 98% used [0x00000000f3400000,0x00000000f357c010,0x00000000f3580000)
  to   space 5120K, 0% used [0x00000000f5000000,0x00000000f5000000,0x00000000f5500000)
 ParOldGen       total 30208K, used 11682K [0x00000000d5600000, 0x00000000d7380000, 0x00000000f1d00000)
  object space 30208K, 38% used [0x00000000d5600000,0x00000000d6168bf8,0x00000000d7380000)
 Metaspace       used 15671K, capacity 15986K, committed 16128K, reserved 1062912K
  class space    used 1887K, capacity 1986K, committed 2048K, reserved 1048576K
GC Heap History (10 events):
Event: 0.672 GC heap before
{Heap before GC invocations=1 (full 0):
 PSYoungGen      total 13312K, used 11776K [0x00000000f1d00000, 0x00000000f2b80000, 0x0000000100000000)
  eden space 11776K, 100% used [0x00000000f1d00000,0x00000000f2880000,0x00000000f2880000)
  from space 1536K, 0% used [0x00000000f2a00000,0x00000000f2a00000,0x00000000f2b80000)
  to   space 1536K, 0% used [0x00000000f2880000,0x00000000f2880000,0x00000000f2a00000)
 ParOldGen       total 30208K, used 0K [0x00000000d5600000, 0x00000000d7380000, 0x00000000f1d00000)
  object space 30208K, 0% used [0x00000000d5600000,0x00000000d5600000,0x00000000d7380000)
 Metaspace       used 5992K, capacity 6124K, committed 6400K, reserved 1056768K
  class space    used 661K, capacity 728K, committed 768K, reserved 1048576K
Event: 0.676 GC heap after
Heap after GC invocations=1 (full 0):
 PSYoungGen      total 13312K, used 1524K [0x00000000f1d00000, 0x00000000f2b80000, 0x0000000100000000)
  eden space 11776K, 0% used [0x00000000f1d00000,0x00000000f1d00000,0x00000000f2880000)
  from space 1536K, 99% used [0x00000000f2880000,0x00000000f29fd2f8,0x00000000f2a00000)
  to   space 1536K, 0% used [0x00000000f2a00000,0x00000000f2a00000,0x00000000f2b80000)
 ParOldGen       total 30208K, used 1090K [0x00000000d5600000, 0x00000000d7380000, 0x00000000f1d00000)
  object space 30208K, 3% used [0x00000000d5600000,0x00000000d5710818,0x00000000d7380000)
 Metaspace       used 5992K, capacity 6124K, committed 6400K, reserved 1056768K
  class space    used 661K, capacity 728K, committed 768K, reserved 1048576K
}
Event: 0.955 GC heap before
{Heap before GC invocations=2 (full 0):
 PSYoungGen      total 13312K, used 13300K [0x00000000f1d00000, 0x00000000f2b80000, 0x0000000100000000)
  eden space 11776K, 100% used [0x00000000f1d00000,0x00000000f2880000,0x00000000f2880000)
  from space 1536K, 99% used [0x00000000f2880000,0x00000000f29fd2f8,0x00000000f2a00000)
  to   space 1536K, 0% used [0x00000000f2a00000,0x00000000f2a00000,0x00000000f2b80000)
 ParOldGen       total 30208K, used 1090K [0x00000000d5600000, 0x00000000d7380000, 0x00000000f1d00000)
  object space 30208K, 3% used [0x00000000d5600000,0x00000000d5710818,0x00000000d7380000)
 Metaspace       used 7779K, capacity 7932K, committed 8192K, reserved 1056768K
  class space    used 928K, capacity 984K, committed 1024K, reserved 1048576K
Event: 0.963 GC heap after
Heap after GC invocations=2 (full 0):
 PSYoungGen      total 13312K, used 1526K [0x00000000f1d00000, 0x00000000f3700000, 0x0000000100000000)
  eden space 11776K, 0% used [0x00000000f1d00000,0x00000000f1d00000,0x00000000f2880000)
  from space 1536K, 99% used [0x00000000f2a00000,0x00000000f2b7db38,0x00000000f2b80000)
  to   space 1536K, 0% used [0x00000000f2880000,0x00000000f2880000,0x00000000f2a00000)
 ParOldGen       total 30208K, used 2619K [0x00000000d5600000, 0x00000000d7380000, 0x00000000f1d00000)
  object space 30208K, 8% used [0x00000000d5600000,0x00000000d588eee0,0x00000000d7380000)
 Metaspace       used 7779K, capacity 7932K, committed 8192K, reserved 1056768K
  class space    used 928K, capacity 984K, committed 1024K, reserved 1048576K
}
Event: 1.156 GC heap before
{Heap before GC invocations=3 (full 0):
 PSYoungGen      total 13312K, used 13302K [0x00000000f1d00000, 0x00000000f3700000, 0x0000000100000000)
  eden space 11776K, 100% used [0x00000000f1d00000,0x00000000f2880000,0x00000000f2880000)
  from space 1536K, 99% used [0x00000000f2a00000,0x00000000f2b7db38,0x00000000f2b80000)
  to   space 1536K, 0% used [0x00000000f2880000,0x00000000f2880000,0x00000000f2a00000)
 ParOldGen       total 30208K, used 2619K [0x00000000d5600000, 0x00000000d7380000, 0x00000000f1d00000)
  object space 30208K, 8% used [0x00000000d5600000,0x00000000d588eee0,0x00000000d7380000)
 Metaspace       used 8378K, capacity 8508K, committed 8832K, reserved 1056768K
  class space    used 1008K, capacity 1048K, committed 1152K, reserved 1048576K
Event: 1.160 GC heap after
Heap after GC invocations=3 (full 0):
 PSYoungGen      total 13312K, used 1504K [0x00000000f1d00000, 0x00000000f3700000, 0x0000000100000000)
  eden space 11776K, 0% used [0x00000000f1d00000,0x00000000f1d00000,0x00000000f2880000)
  from space 1536K, 97% used [0x00000000f2880000,0x00000000f29f8020,0x00000000f2a00000)
  to   space 1536K, 0% used [0x00000000f3580000,0x00000000f3580000,0x00000000f3700000)
 ParOldGen       total 30208K, used 3616K [0x00000000d5600000, 0x00000000d7380000, 0x00000000f1d00000)
  object space 30208K, 11% used [0x00000000d5600000,0x00000000d5988338,0x00000000d7380000)
 Metaspace       used 8378K, capacity 8508K, committed 8832K, reserved 1056768K
  class space    used 1008K, capacity 1048K, committed 1152K, reserved 1048576K
}
Event: 1.350 GC heap before
{Heap before GC invocations=4 (full 0):
 PSYoungGen      total 13312K, used 13280K [0x00000000f1d00000, 0x00000000f3700000, 0x0000000100000000)
  eden space 11776K, 100% used [0x00000000f1d00000,0x00000000f2880000,0x00000000f2880000)
  from space 1536K, 97% used [0x00000000f2880000,0x00000000f29f8020,0x00000000f2a00000)
  to   space 1536K, 0% used [0x00000000f3580000,0x00000000f3580000,0x00000000f3700000)
 ParOldGen       total 30208K, used 3616K [0x00000000d5600000, 0x00000000d7380000, 0x00000000f1d00000)
  object space 30208K, 11% used [0x00000000d5600000,0x00000000d5988338,0x00000000d7380000)
 Metaspace       used 9312K, capacity 9486K, committed 9728K, reserved 1058816K
  class space    used 1122K, capacity 1179K, committed 1280K, reserved 1048576K
Event: 1.356 GC heap after
Heap after GC invocations=4 (full 0):
 PSYoungGen      total 25088K, used 1536K [0x00000000f1d00000, 0x00000000f3700000, 0x0000000100000000)
  eden space 23552K, 0% used [0x00000000f1d00000,0x00000000f1d00000,0x00000000f3400000)
  from space 1536K, 100% used [0x00000000f3580000,0x00000000f3700000,0x00000000f3700000)
  to   space 1536K, 0% used [0x00000000f3400000,0x00000000f3400000,0x00000000f3580000)
 ParOldGen       total 30208K, used 5374K [0x00000000d5600000, 0x00000000d7380000, 0x00000000f1d00000)
  object space 30208K, 17% used [0x00000000d5600000,0x00000000d5b3fb58,0x00000000d7380000)
 Metaspace       used 9312K, capacity 9486K, committed 9728K, reserved 1058816K
  class space    used 1122K, capacity 1179K, committed 1280K, reserved 1048576K
}
Event: 1.829 GC heap before
{Heap before GC invocations=5 (full 0):
 PSYoungGen      total 25088K, used 25088K [0x00000000f1d00000, 0x00000000f3700000, 0x0000000100000000)
  eden space 23552K, 100% used [0x00000000f1d00000,0x00000000f3400000,0x00000000f3400000)
  from space 1536K, 100% used [0x00000000f3580000,0x00000000f3700000,0x00000000f3700000)
  to   space 1536K, 0% used [0x00000000f3400000,0x00000000f3400000,0x00000000f3580000)
 ParOldGen       total 30208K, used 5374K [0x00000000d5600000, 0x00000000d7380000, 0x00000000f1d00000)
  object space 30208K, 17% used [0x00000000d5600000,0x00000000d5b3fb58,0x00000000d7380000)
 Metaspace       used 11987K, capacity 12162K, committed 12416K, reserved 1060864K
  class space    used 1494K, capacity 1576K, committed 1664K, reserved 1048576K
Event: 1.838 GC heap after
Heap after GC invocations=5 (full 0):
 PSYoungGen      total 25088K, used 1504K [0x00000000f1d00000, 0x00000000f5500000, 0x0000000100000000)
  eden space 23552K, 0% used [0x00000000f1d00000,0x00000000f1d00000,0x00000000f3400000)
  from space 1536K, 97% used [0x00000000f3400000,0x00000000f3578020,0x00000000f3580000)
  to   space 5120K, 0% used [0x00000000f5000000,0x00000000f5000000,0x00000000f5500000)
 ParOldGen       total 30208K, used 8926K [0x00000000d5600000, 0x00000000d7380000, 0x00000000f1d00000)
  object space 30208K, 29% used [0x00000000d5600000,0x00000000d5eb7b48,0x00000000d7380000)
 Metaspace       used 11987K, capacity 12162K, committed 12416K, reserved 1060864K
  class space    used 1494K, capacity 1576K, committed 1664K, reserved 1048576K
}

