# JRE version: Java(TM) SE Runtime Environment (8.0_301-b09) (build 1.8.0_301-b09)
# Java VM: Java HotSpot(TM) 64-Bit Server VM (25.301-b09 mixed mode windows-amd64 compressed oops)
Heap:
 PSYoungGen      total 25088K, used 20356K [0x00000000f1d00000, 0x00000000f3700000, 0x0000000100000000)
  eden space 23552K, 80% used [0x00000000f1d00000,0x00000000f2f69360,0x00000000f3400000)
  from space 1536K, 97% used [0x00000000f3400000,0x00000000f3578020,0x00000000f3580000)
  to   space 1536K, 0% used [0x00000000f3580000,0x00000000f3580000,0x00000000f3700000)
 ParOldGen       total 30208K, used 8984K [0x00000000d5600000, 0x00000000d7380000, 0x00000000f1d00000)
  object space 30208K, 29% used [0x00000000d5600000,0x00000000d5ec6208,0x00000000d7380000)
 Metaspace       used 14563K, capacity 14890K, committed 14976K, reserved 1062912K
  class space    used 1786K, capacity 1882K, committed 1920K, reserved 1048576K
GC Heap History (10 events):
Event: 0.740 GC heap before
{Heap before GC invocations=1 (full 0):
 PSYoungGen      total 13312K, used 11776K [0x00000000f1d00000, 0x00000000f2b80000, 0x0000000100000000)
  eden space 11776K, 100% used [0x00000000f1d00000,0x00000000f2880000,0x00000000f2880000)
  from space 1536K, 0% used [0x00000000f2a00000,0x00000000f2a00000,0x00000000f2b80000)
  to   space 1536K, 0% used [0x00000000f2880000,0x00000000f2880000,0x00000000f2a00000)
 ParOldGen       total 30208K, used 0K [0x00000000d5600000, 0x00000000d7380000, 0x00000000f1d00000)
  object space 30208K, 0% used [0x00000000d5600000,0x00000000d5600000,0x00000000d7380000)
 Metaspace       used 5979K, capacity 6124K, committed 6400K, reserved 1056768K
  class space    used 661K, capacity 728K, committed 768K, reserved 1048576K
Event: 0.744 GC heap after
Heap after GC invocations=1 (full 0):
 PSYoungGen      total 13312K, used 1521K [0x00000000f1d00000, 0x00000000f2b80000, 0x0000000100000000)
  eden space 11776K, 0% used [0x00000000f1d00000,0x00000000f1d00000,0x00000000f2880000)
  from space 1536K, 99% used [0x00000000f2880000,0x00000000f29fc478,0x00000000f2a00000)
  to   space 1536K, 0% used [0x00000000f2a00000,0x00000000f2a00000,0x00000000f2b80000)
 ParOldGen       total 30208K, used 1136K [0x00000000d5600000, 0x00000000d7380000, 0x00000000f1d00000)
  object space 30208K, 3% used [0x00000000d5600000,0x00000000d571c3f0,0x00000000d7380000)
 Metaspace       used 5979K, capacity 6124K, committed 6400K, reserved 1056768K
  class space    used 661K, capacity 728K, committed 768K, reserved 1048576K
}
Event: 1.032 GC heap before
{Heap before GC invocations=2 (full 0):
 PSYoungGen      total 13312K, used 13297K [0x00000000f1d00000, 0x00000000f2b80000, 0x0000000100000000)
  eden space 11776K, 100% used [0x00000000f1d00000,0x00000000f2880000,0x00000000f2880000)
  from space 1536K, 99% used [0x00000000f2880000,0x00000000f29fc478,0x00000000f2a00000)
  to   space 1536K, 0% used [0x00000000f2a00000,0x00000000f2a00000,0x00000000f2b80000)
 ParOldGen       total 30208K, used 1136K [0x00000000d5600000, 0x00000000d7380000, 0x00000000f1d00000)
  object space 30208K, 3% used [0x00000000d5600000,0x00000000d571c3f0,0x00000000d7380000)
 Metaspace       used 7771K, capacity 7924K, committed 8192K, reserved 1056768K
  class space    used 928K, capacity 984K, committed 1024K, reserved 1048576K
Event: 1.042 GC heap after
Heap after GC invocations=2 (full 0):
 PSYoungGen      total 13312K, used 1510K [0x00000000f1d00000, 0x00000000f3700000, 0x0000000100000000)
  eden space 11776K, 0% used [0x00000000f1d00000,0x00000000f1d00000,0x00000000f2880000)
  from space 1536K, 98% used [0x00000000f2a00000,0x00000000f2b79b68,0x00000000f2b80000)
  to   space 1536K, 0% used [0x00000000f2880000,0x00000000f2880000,0x00000000f2a00000)
 ParOldGen       total 30208K, used 2645K [0x00000000d5600000, 0x00000000d7380000, 0x00000000f1d00000)
  object space 30208K, 8% used [0x00000000d5600000,0x00000000d5895578,0x00000000d7380000)
 Metaspace       used 7771K, capacity 7924K, committed 8192K, reserved 1056768K
  class space    used 928K, capacity 984K, committed 1024K, reserved 1048576K
}
Event: 1.242 GC heap before
{Heap before GC invocations=3 (full 0):
 PSYoungGen      total 13312K, used 13286K [0x00000000f1d00000, 0x00000000f3700000, 0x0000000100000000)
  eden space 11776K, 100% used [0x00000000f1d00000,0x00000000f2880000,0x00000000f2880000)
  from space 1536K, 98% used [0x00000000f2a00000,0x00000000f2b79b68,0x00000000f2b80000)
  to   space 1536K, 0% used [0x00000000f2880000,0x00000000f2880000,0x00000000f2a00000)
 ParOldGen       total 30208K, used 2645K [0x00000000d5600000, 0x00000000d7380000, 0x00000000f1d00000)
  object space 30208K, 8% used [0x00000000d5600000,0x00000000d5895578,0x00000000d7380000)
 Metaspace       used 8371K, capacity 8500K, committed 8832K, reserved 1056768K
  class space    used 1008K, capacity 1048K, committed 1152K, reserved 1048576K
Event: 1.246 GC heap after
Heap after GC invocations=3 (full 0):
 PSYoungGen      total 13312K, used 1520K [0x00000000f1d00000, 0x00000000f3700000, 0x0000000100000000)
  eden space 11776K, 0% used [0x00000000f1d00000,0x00000000f1d00000,0x00000000f2880000)
  from space 1536K, 98% used [0x00000000f2880000,0x00000000f29fc010,0x00000000f2a00000)
  to   space 1536K, 0% used [0x00000000f3580000,0x00000000f3580000,0x00000000f3700000)
 ParOldGen       total 30208K, used 3634K [0x00000000d5600000, 0x00000000d7380000, 0x00000000f1d00000)
  object space 30208K, 12% used [0x00000000d5600000,0x00000000d598c9d0,0x00000000d7380000)
 Metaspace       used 8371K, capacity 8500K, committed 8832K, reserved 1056768K
  class space    used 1008K, capacity 1048K, committed 1152K, reserved 1048576K
}
Event: 1.431 GC heap before
{Heap before GC invocations=4 (full 0):
 PSYoungGen      total 13312K, used 13296K [0x00000000f1d00000, 0x00000000f3700000, 0x0000000100000000)
  eden space 11776K, 100% used [0x00000000f1d00000,0x00000000f2880000,0x00000000f2880000)
  from space 1536K, 98% used [0x00000000f2880000,0x00000000f29fc010,0x00000000f2a00000)
  to   space 1536K, 0% used [0x00000000f3580000,0x00000000f3580000,0x00000000f3700000)
 ParOldGen       total 30208K, used 3634K [0x00000000d5600000, 0x00000000d7380000, 0x00000000f1d00000)
  object space 30208K, 12% used [0x00000000d5600000,0x00000000d598c9d0,0x00000000d7380000)
 Metaspace       used 9315K, capacity 9478K, committed 9728K, reserved 1058816K
  class space    used 1122K, capacity 1179K, committed 1280K, reserved 1048576K
Event: 1.435 GC heap after
Heap after GC invocations=4 (full 0):
 PSYoungGen      total 25088K, used 1520K [0x00000000f1d00000, 0x00000000f3700000, 0x0000000100000000)
  eden space 23552K, 0% used [0x00000000f1d00000,0x00000000f1d00000,0x00000000f3400000)
  from space 1536K, 98% used [0x00000000f3580000,0x00000000f36fc010,0x00000000f3700000)
  to   space 1536K, 0% used [0x00000000f3400000,0x00000000f3400000,0x00000000f3580000)
 ParOldGen       total 30208K, used 5439K [0x00000000d5600000, 0x00000000d7380000, 0x00000000f1d00000)
  object space 30208K, 18% used [0x00000000d5600000,0x00000000d5b4fcd8,0x00000000d7380000)
 Metaspace       used 9315K, capacity 9478K, committed 9728K, reserved 1058816K
  class space    used 1122K, capacity 1179K, committed 1280K, reserved 1048576K
}
Event: 1.928 GC heap before
{Heap before GC invocations=5 (full 0):
 PSYoungGen      total 25088K, used 25072K [0x00000000f1d00000, 0x00000000f3700000, 0x0000000100000000)
  eden space 23552K, 100% used [0x00000000f1d00000,0x00000000f3400000,0x00000000f3400000)
  from space 1536K, 98% used [0x00000000f3580000,0x00000000f36fc010,0x00000000f3700000)
  to   space 1536K, 0% used [0x00000000f3400000,0x00000000f3400000,0x00000000f3580000)
 ParOldGen       total 30208K, used 5439K [0x00000000d5600000, 0x00000000d7380000, 0x00000000f1d00000)
  object space 30208K, 18% used [0x00000000d5600000,0x00000000d5b4fcd8,0x00000000d7380000)
 Metaspace       used 11998K, capacity 12218K, committed 12416K, reserved 1060864K
  class space    used 1494K, capacity 1576K, committed 1664K, reserved 1048576K
Event: 1.936 GC heap after
Heap after GC invocations=5 (full 0):
 PSYoungGen      total 25088K, used 1504K [0x00000000f1d00000, 0x00000000f3700000, 0x0000000100000000)
  eden space 23552K, 0% used [0x00000000f1d00000,0x00000000f1d00000,0x00000000f3400000)
  from space 1536K, 97% used [0x00000000f3400000,0x00000000f3578020,0x00000000f3580000)
  to   space 1536K, 0% used [0x00000000f3580000,0x00000000f3580000,0x00000000f3700000)
 ParOldGen       total 30208K, used 8984K [0x00000000d5600000, 0x00000000d7380000, 0x00000000f1d00000)
  object space 30208K, 29% used [0x00000000d5600000,0x00000000d5ec6208,0x00000000d7380000)
 Metaspace       used 11998K, capacity 12218K, committed 12416K, reserved 1060864K
  class space    used 1494K, capacity 1576K, committed 1664K, reserved 1048576K
}

